# JRE version: OpenJDK Runtime Environment Temurin-17.0.4.1+1 (17.0.4.1+1) (build 17.0.4.1+1)
# Java VM: OpenJDK 64-Bit Server VM Temurin-17.0.4.1+1 (17.0.4.1+1, mixed mode, emulated-client, tiered, compressed oops, compressed class ptrs, g1 gc, windows-amd64)
GC Precious Log:
 CPUs: 4 total, 4 available
 Memory: 4001M
 Large Page Support: Disabled
 NUMA Support: Disabled
 Compressed Oops: Enabled (32-bit)
 Heap Region Size: 1M
 Heap Min Capacity: 8M
 Heap Initial Capacity: 64M
 Heap Max Capacity: 1002M
 Pre-touch: Disabled
 Parallel Workers: 4
 Concurrent Workers: 1
 Concurrent Refinement Workers: 4
 Periodic GC: Disabled
Heap:
 garbage-first heap   total 109568K, used 32249K [0x00000000c1600000, 0x0000000100000000)
  region size 1024K, 1 young (1024K), 0 survivors (0K)
 Metaspace       used 46319K, committed 46848K, reserved 1089536K
  class space    used 6298K, committed 6528K, reserved 1048576K
GC Heap History (20 events):
Event: 380.483 GC heap before
{Heap before GC invocations=70 (full 23):
 garbage-first heap   total 109568K, used 32249K [0x00000000c1600000, 0x0000000100000000)
  region size 1024K, 1 young (1024K), 0 survivors (0K)
 Metaspace       used 46319K, committed 46848K, reserved 1089536K
  class space    used 6298K, committed 6528K, reserved 1048576K
}
Event: 380.533 GC heap after
{Heap after GC invocations=71 (full 24):
 garbage-first heap   total 109568K, used 32249K [0x00000000c1600000, 0x0000000100000000)
  region size 1024K, 0 young (0K), 0 survivors (0K)
 Metaspace       used 46319K, committed 46848K, reserved 1089536K
  class space    used 6298K, committed 6528K, reserved 1048576K
}
Event: 391.054 GC heap before
{Heap before GC invocations=71 (full 24):
 garbage-first heap   total 109568K, used 32249K [0x00000000c1600000, 0x0000000100000000)
  region size 1024K, 1 young (1024K), 0 survivors (0K)
 Metaspace       used 46319K, committed 46848K, reserved 1089536K
  class space    used 6298K, committed 6528K, reserved 1048576K
}
Event: 391.103 GC heap after
{Heap after GC invocations=72 (full 25):
 garbage-first heap   total 109568K, used 32249K [0x00000000c1600000, 0x0000000100000000)
  region size 1024K, 0 young (0K), 0 survivors (0K)
 Metaspace       used 46319K, committed 46848K, reserved 1089536K
  class space    used 6298K, committed 6528K, reserved 1048576K
}
Event: 402.454 GC heap before
{Heap before GC invocations=72 (full 25):
 garbage-first heap   total 109568K, used 32249K [0x00000000c1600000, 0x0000000100000000)
  region size 1024K, 1 young (1024K), 0 survivors (0K)
 Metaspace       used 46319K, committed 46848K, reserved 1089536K
  class space    used 6298K, committed 6528K, reserved 1048576K
}
Event: 402.559 GC heap after
{Heap after GC invocations=73 (full 26):
 garbage-first heap   total 109568K, used 32249K [0x00000000c1600000, 0x0000000100000000)
  region size 1024K, 0 young (0K), 0 survivors (0K)
 Metaspace       used 46319K, committed 46848K, reserved 1089536K
  class space    used 6298K, committed 6528K, reserved 1048576K
}
Event: 414.204 GC heap before
{Heap before GC invocations=73 (full 26):
 garbage-first heap   total 109568K, used 32249K [0x00000000c1600000, 0x0000000100000000)
  region size 1024K, 1 young (1024K), 0 survivors (0K)
 Metaspace       used 46319K, committed 46848K, reserved 1089536K
  class space    used 6298K, committed 6528K, reserved 1048576K
}
Event: 414.290 GC heap after
{Heap after GC invocations=74 (full 27):
 garbage-first heap   total 109568K, used 32249K [0x00000000c1600000, 0x0000000100000000)
  region size 1024K, 0 young (0K), 0 survivors (0K)
 Metaspace       used 46319K, committed 46848K, reserved 1089536K
  class space    used 6298K, committed 6528K, reserved 1048576K
}
Event: 426.401 GC heap before
{Heap before GC invocations=74 (full 27):
 garbage-first heap   total 109568K, used 32249K [0x00000000c1600000, 0x0000000100000000)
  region size 1024K, 1 young (1024K), 0 survivors (0K)
 Metaspace       used 46319K, committed 46848K, reserved 1089536K
  class space    used 6298K, committed 6528K, reserved 1048576K
}
Event: 426.494 GC heap after
{Heap after GC invocations=75 (full 28):
 garbage-first heap   total 109568K, used 32249K [0x00000000c1600000, 0x0000000100000000)
  region size 1024K, 0 young (0K), 0 survivors (0K)
 Metaspace       used 46319K, committed 46848K, reserved 1089536K
  class space    used 6298K, committed 6528K, reserved 1048576K
}
Event: 439.700 GC heap before
{Heap before GC invocations=75 (full 28):
 garbage-first heap   total 109568K, used 32249K [0x00000000c1600000, 0x0000000100000000)
  region size 1024K, 1 young (1024K), 0 survivors (0K)
 Metaspace       used 46319K, committed 46848K, reserved 1089536K
  class space    used 6298K, committed 6528K, reserved 1048576K
}
Event: 439.805 GC heap after
{Heap after GC invocations=76 (full 29):
 garbage-first heap   total 109568K, used 32249K [0x00000000c1600000, 0x0000000100000000)
  region size 1024K, 0 young (0K), 0 survivors (0K)
 Metaspace       used 46319K, committed 46848K, reserved 1089536K
  class space    used 6298K, committed 6528K, reserved 1048576K
}
Event: 451.342 GC heap before
{Heap before GC invocations=76 (full 29):
 garbage-first heap   total 109568K, used 32249K [0x00000000c1600000, 0x0000000100000000)
  region size 1024K, 1 young (1024K), 0 survivors (0K)
 Metaspace       used 46319K, committed 46848K, reserved 1089536K
  class space    used 6298K, committed 6528K, reserved 1048576K
}
Event: 451.439 GC heap after
{Heap after GC invocations=77 (full 30):
 garbage-first heap   total 109568K, used 32249K [0x00000000c1600000, 0x0000000100000000)
  region size 1024K, 0 young (0K), 0 survivors (0K)
 Metaspace       used 46319K, committed 46848K, reserved 1089536K
  class space    used 6298K, committed 6528K, reserved 1048576K
}
Event: 465.476 GC heap before
{Heap before GC invocations=77 (full 30):
 garbage-first heap   total 109568K, used 32249K [0x00000000c1600000, 0x0000000100000000)
  region size 1024K, 1 young (1024K), 0 survivors (0K)
 Metaspace       used 46319K, committed 46848K, reserved 1089536K
  class space    used 6298K, committed 6528K, reserved 1048576K
}
Event: 465.566 GC heap after
{Heap after GC invocations=78 (full 31):
 garbage-first heap   total 109568K, used 32249K [0x00000000c1600000, 0x0000000100000000)
  region size 1024K, 0 young (0K), 0 survivors (0K)
 Metaspace       used 46319K, committed 46848K, reserved 1089536K
  class space    used 6298K, committed 6528K, reserved 1048576K
}
Event: 476.461 GC heap before
{Heap before GC invocations=78 (full 31):
 garbage-first heap   total 109568K, used 32249K [0x00000000c1600000, 0x0000000100000000)
  region size 1024K, 1 young (1024K), 0 survivors (0K)
 Metaspace       used 46319K, committed 46848K, reserved 1089536K
  class space    used 6298K, committed 6528K, reserved 1048576K
}
Event: 476.543 GC heap after
{Heap after GC invocations=79 (full 32):
 garbage-first heap   total 109568K, used 32249K [0x00000000c1600000, 0x0000000100000000)
  region size 1024K, 0 young (0K), 0 survivors (0K)
 Metaspace       used 46319K, committed 46848K, reserved 1089536K
  class space    used 6298K, committed 6528K, reserved 1048576K
}
Event: 492.854 GC heap before
{Heap before GC invocations=79 (full 32):
 garbage-first heap   total 109568K, used 32249K [0x00000000c1600000, 0x0000000100000000)
  region size 1024K, 1 young (1024K), 0 survivors (0K)
 Metaspace       used 46319K, committed 46848K, reserved 1089536K
  class space    used 6298K, committed 6528K, reserved 1048576K
}
Event: 492.961 GC heap after
{Heap after GC invocations=80 (full 33):
 garbage-first heap   total 109568K, used 32249K [0x00000000c1600000, 0x0000000100000000)
  region size 1024K, 0 young (0K), 0 survivors (0K)
 Metaspace       used 46319K, committed 46848K, reserved 1089536K
  class space    used 6298K, committed 6528K, reserved 1048576K
}

